Performing C SOURCE FILE Test HAVE___DECLSPEC_DLLEXPORT_ failed with the following output:
Change Dir: /home/alexa/Bureau/ConwayBromageLib/external/cmake-build-debug/CMakeFiles/CMakeTmp

Run Build Command(s):/usr/bin/make cmTC_566ae/fast && /usr/bin/make -f CMakeFiles/cmTC_566ae.dir/build.make CMakeFiles/cmTC_566ae.dir/build
make[1] : on entre dans le répertoire « /home/alexa/Bureau/ConwayBromageLib/external/cmake-build-debug/CMakeFiles/CMakeTmp »
Building C object CMakeFiles/cmTC_566ae.dir/src.c.o
/usr/bin/cc   -Wall -DHAVE___DECLSPEC_DLLEXPORT_   -o CMakeFiles/cmTC_566ae.dir/src.c.o   -c /home/alexa/Bureau/ConwayBromageLib/external/cmake-build-debug/CMakeFiles/CMakeTmp/src.c
/home/alexa/Bureau/ConwayBromageLib/external/cmake-build-debug/CMakeFiles/CMakeTmp/src.c:1:1: warning: return type defaults to ‘int’ [-Wimplicit-int]
    1 | __declspec(dllexport) void func(); void func() { } int main() { func(); return 0; }
      | ^~~~~~~~~~
/home/alexa/Bureau/ConwayBromageLib/external/cmake-build-debug/CMakeFiles/CMakeTmp/src.c: In function ‘__declspec’:
/home/alexa/Bureau/ConwayBromageLib/external/cmake-build-debug/CMakeFiles/CMakeTmp/src.c:1:48: error: expected ‘=’, ‘,’, ‘;’, ‘asm’ or ‘__attribute__’ before ‘{’ token
    1 | __declspec(dllexport) void func(); void func() { } int main() { func(); return 0; }
      |                                                ^
/home/alexa/Bureau/ConwayBromageLib/external/cmake-build-debug/CMakeFiles/CMakeTmp/src.c:1:63: error: expected ‘=’, ‘,’, ‘;’, ‘asm’ or ‘__attribute__’ before ‘{’ token
    1 | __declspec(dllexport) void func(); void func() { } int main() { func(); return 0; }
      |                                                               ^
/home/alexa/Bureau/ConwayBromageLib/external/cmake-build-debug/CMakeFiles/CMakeTmp/src.c:1:1: warning: type of ‘dllexport’ defaults to ‘int’ [-Wimplicit-int]
    1 | __declspec(dllexport) void func(); void func() { } int main() { func(); return 0; }
      | ^~~~~~~~~~
/home/alexa/Bureau/ConwayBromageLib/external/cmake-build-debug/CMakeFiles/CMakeTmp/src.c:1:28: error: declaration for parameter ‘func’ but no such parameter
    1 | __declspec(dllexport) void func(); void func() { } int main() { func(); return 0; }
      |                            ^~~~
/home/alexa/Bureau/ConwayBromageLib/external/cmake-build-debug/CMakeFiles/CMakeTmp/src.c:1: error: expected ‘{’ at end of input
    1 | __declspec(dllexport) void func(); void func() { } int main() { func(); return 0; }
      | 
/home/alexa/Bureau/ConwayBromageLib/external/cmake-build-debug/CMakeFiles/CMakeTmp/src.c:1:63: warning: control reaches end of non-void function [-Wreturn-type]
    1 | __declspec(dllexport) void func(); void func() { } int main() { func(); return 0; }
      |                                                               ^
make[1]: *** [CMakeFiles/cmTC_566ae.dir/build.make:66: CMakeFiles/cmTC_566ae.dir/src.c.o] Error 1
make[1] : on quitte le répertoire « /home/alexa/Bureau/ConwayBromageLib/external/cmake-build-debug/CMakeFiles/CMakeTmp »
make: *** [Makefile:121: cmTC_566ae/fast] Error 2


Source file was:
__declspec(dllexport) void func(); void func() { } int main() { func(); return 0; }
Performing C SOURCE FILE Test HAVE___DECLSPEC_DLLIMPORT_ failed with the following output:
Change Dir: /home/alexa/Bureau/ConwayBromageLib/external/cmake-build-debug/CMakeFiles/CMakeTmp

Run Build Command(s):/usr/bin/make cmTC_8c0f7/fast && /usr/bin/make -f CMakeFiles/cmTC_8c0f7.dir/build.make CMakeFiles/cmTC_8c0f7.dir/build
make[1] : on entre dans le répertoire « /home/alexa/Bureau/ConwayBromageLib/external/cmake-build-debug/CMakeFiles/CMakeTmp »
Building C object CMakeFiles/cmTC_8c0f7.dir/src.c.o
/usr/bin/cc   -Wall -DHAVE___DECLSPEC_DLLIMPORT_   -o CMakeFiles/cmTC_8c0f7.dir/src.c.o   -c /home/alexa/Bureau/ConwayBromageLib/external/cmake-build-debug/CMakeFiles/CMakeTmp/src.c
/home/alexa/Bureau/ConwayBromageLib/external/cmake-build-debug/CMakeFiles/CMakeTmp/src.c:1:1: warning: return type defaults to ‘int’ [-Wimplicit-int]
    1 | __declspec(dllimport) void func(); void func() { } int main() { func(); return 0; }
      | ^~~~~~~~~~
/home/alexa/Bureau/ConwayBromageLib/external/cmake-build-debug/CMakeFiles/CMakeTmp/src.c: In function ‘__declspec’:
/home/alexa/Bureau/ConwayBromageLib/external/cmake-build-debug/CMakeFiles/CMakeTmp/src.c:1:48: error: expected ‘=’, ‘,’, ‘;’, ‘asm’ or ‘__attribute__’ before ‘{’ token
    1 | __declspec(dllimport) void func(); void func() { } int main() { func(); return 0; }
      |                                                ^
/home/alexa/Bureau/ConwayBromageLib/external/cmake-build-debug/CMakeFiles/CMakeTmp/src.c:1:63: error: expected ‘=’, ‘,’, ‘;’, ‘asm’ or ‘__attribute__’ before ‘{’ token
    1 | __declspec(dllimport) void func(); void func() { } int main() { func(); return 0; }
      |                                                               ^
/home/alexa/Bureau/ConwayBromageLib/external/cmake-build-debug/CMakeFiles/CMakeTmp/src.c:1:1: warning: type of ‘dllimport’ defaults to ‘int’ [-Wimplicit-int]
    1 | __declspec(dllimport) void func(); void func() { } int main() { func(); return 0; }
      | ^~~~~~~~~~
/home/alexa/Bureau/ConwayBromageLib/external/cmake-build-debug/CMakeFiles/CMakeTmp/src.c:1:28: error: declaration for parameter ‘func’ but no such parameter
    1 | __declspec(dllimport) void func(); void func() { } int main() { func(); return 0; }
      |                            ^~~~
/home/alexa/Bureau/ConwayBromageLib/external/cmake-build-debug/CMakeFiles/CMakeTmp/src.c:1: error: expected ‘{’ at end of input
    1 | __declspec(dllimport) void func(); void func() { } int main() { func(); return 0; }
      | 
/home/alexa/Bureau/ConwayBromageLib/external/cmake-build-debug/CMakeFiles/CMakeTmp/src.c:1:63: warning: control reaches end of non-void function [-Wreturn-type]
    1 | __declspec(dllimport) void func(); void func() { } int main() { func(); return 0; }
      |                                                               ^
make[1]: *** [CMakeFiles/cmTC_8c0f7.dir/build.make:66: CMakeFiles/cmTC_8c0f7.dir/src.c.o] Error 1
make[1] : on quitte le répertoire « /home/alexa/Bureau/ConwayBromageLib/external/cmake-build-debug/CMakeFiles/CMakeTmp »
make: *** [Makefile:121: cmTC_8c0f7/fast] Error 2


Source file was:
__declspec(dllimport) void func(); void func() { } int main() { func(); return 0; }
Performing C SOURCE FILE Test CMAKE_HAVE_LIBC_PTHREAD failed with the following output:
Change Dir: /home/alexa/Bureau/ConwayBromageLib/external/cmake-build-debug/CMakeFiles/CMakeTmp

Run Build Command(s):/usr/bin/make cmTC_1af38/fast && /usr/bin/make -f CMakeFiles/cmTC_1af38.dir/build.make CMakeFiles/cmTC_1af38.dir/build
make[1] : on entre dans le répertoire « /home/alexa/Bureau/ConwayBromageLib/external/cmake-build-debug/CMakeFiles/CMakeTmp »
Building C object CMakeFiles/cmTC_1af38.dir/src.c.o
/usr/bin/cc   -DCMAKE_HAVE_LIBC_PTHREAD   -o CMakeFiles/cmTC_1af38.dir/src.c.o   -c /home/alexa/Bureau/ConwayBromageLib/external/cmake-build-debug/CMakeFiles/CMakeTmp/src.c
Linking C executable cmTC_1af38
/home/alexa/Bureau/clion-2020.1.1/bin/cmake/linux/bin/cmake -E cmake_link_script CMakeFiles/cmTC_1af38.dir/link.txt --verbose=1
/usr/bin/cc  -DCMAKE_HAVE_LIBC_PTHREAD    -rdynamic CMakeFiles/cmTC_1af38.dir/src.c.o  -o cmTC_1af38 
/usr/bin/ld : CMakeFiles/cmTC_1af38.dir/src.c.o : dans la fonction « main » :
src.c:(.text+0x46) : référence indéfinie vers « pthread_create »
/usr/bin/ld : src.c:(.text+0x52) : référence indéfinie vers « pthread_detach »
/usr/bin/ld : src.c:(.text+0x63) : référence indéfinie vers « pthread_join »
collect2: error: ld returned 1 exit status
make[1]: *** [CMakeFiles/cmTC_1af38.dir/build.make:87: cmTC_1af38] Error 1
make[1] : on quitte le répertoire « /home/alexa/Bureau/ConwayBromageLib/external/cmake-build-debug/CMakeFiles/CMakeTmp »
make: *** [Makefile:121: cmTC_1af38/fast] Error 2


Source file was:
#include <pthread.h>

void* test_func(void* data)
{
  return data;
}

int main(void)
{
  pthread_t thread;
  pthread_create(&thread, NULL, test_func, NULL);
  pthread_detach(thread);
  pthread_join(thread, NULL);
  pthread_atfork(NULL, NULL, NULL);
  pthread_exit(NULL);

  return 0;
}

Determining if the function pthread_create exists in the pthreads failed with the following output:
Change Dir: /home/alexa/Bureau/ConwayBromageLib/external/cmake-build-debug/CMakeFiles/CMakeTmp

Run Build Command(s):/usr/bin/make cmTC_d5833/fast && /usr/bin/make -f CMakeFiles/cmTC_d5833.dir/build.make CMakeFiles/cmTC_d5833.dir/build
make[1] : on entre dans le répertoire « /home/alexa/Bureau/ConwayBromageLib/external/cmake-build-debug/CMakeFiles/CMakeTmp »
Building C object CMakeFiles/cmTC_d5833.dir/CheckFunctionExists.c.o
/usr/bin/cc   -DCHECK_FUNCTION_EXISTS=pthread_create   -o CMakeFiles/cmTC_d5833.dir/CheckFunctionExists.c.o   -c /home/alexa/Bureau/clion-2020.1.1/bin/cmake/linux/share/cmake-3.16/Modules/CheckFunctionExists.c
Linking C executable cmTC_d5833
/home/alexa/Bureau/clion-2020.1.1/bin/cmake/linux/bin/cmake -E cmake_link_script CMakeFiles/cmTC_d5833.dir/link.txt --verbose=1
/usr/bin/cc  -DCHECK_FUNCTION_EXISTS=pthread_create    -rdynamic CMakeFiles/cmTC_d5833.dir/CheckFunctionExists.c.o  -o cmTC_d5833  -lpthreads 
/usr/bin/ld : ne peut trouver -lpthreads
collect2: error: ld returned 1 exit status
make[1]: *** [CMakeFiles/cmTC_d5833.dir/build.make:87: cmTC_d5833] Error 1
make[1] : on quitte le répertoire « /home/alexa/Bureau/ConwayBromageLib/external/cmake-build-debug/CMakeFiles/CMakeTmp »
make: *** [Makefile:121: cmTC_d5833/fast] Error 2



